[INFO  - 2017-08-28T02:46:42.472Z] GhostDriver - Main - running on port 62538
[INFO  - 2017-08-28T02:46:45.802Z] Session [21987200-8b9b-11e7-9b1b-45a10071f000] - page.settings - {"XSSAuditingEnabled":false,"javascriptCanCloseWindows":true,"javascriptCanOpenWindows":true,"javascriptEnabled":true,"loadImages":true,"localToRemoteUrlAccessEnabled":false,"userAgent":"Mozilla/5.0 (Windows NT 6.2; WOW64) AppleWebKit/538.1 (KHTML, like Gecko) PhantomJS/2.1.1 Safari/538.1","webSecurityEnabled":true}
[INFO  - 2017-08-28T02:46:45.802Z] Session [21987200-8b9b-11e7-9b1b-45a10071f000] - page.customHeaders:  - {}
[INFO  - 2017-08-28T02:46:45.802Z] Session [21987200-8b9b-11e7-9b1b-45a10071f000] - Session.negotiatedCapabilities - {"browserName":"phantomjs","version":"2.1.1","driverName":"ghostdriver","driverVersion":"1.2.0","platform":"windows-10-32bit","javascriptEnabled":true,"takesScreenshot":true,"handlesAlerts":false,"databaseEnabled":false,"locationContextEnabled":false,"applicationCacheEnabled":false,"browserConnectionEnabled":false,"cssSelectorsEnabled":true,"webStorageEnabled":false,"rotatable":false,"acceptSslCerts":false,"nativeEvents":true,"proxy":{"proxyType":"direct"}}
[INFO  - 2017-08-28T02:46:45.802Z] SessionManagerReqHand - _postNewSessionCommand - New Session Created: 21987200-8b9b-11e7-9b1b-45a10071f000
[ERROR - 2017-08-28T02:46:47.485Z] WebElementLocator - _handleLocateCommand - Element(s) NOT Found: GAVE UP. Search Stop Time: 1503888407484

  phantomjs://platform/console++.js:263 in error
[ERROR - 2017-08-28T02:46:48.982Z] WebElementLocator - _handleLocateCommand - Element(s) NOT Found: GAVE UP. Search Stop Time: 1503888408935

  phantomjs://platform/console++.js:263 in error
[ERROR - 2017-08-28T02:46:50.371Z] WebElementLocator - _handleLocateCommand - Element(s) NOT Found: GAVE UP. Search Stop Time: 1503888410317

  phantomjs://platform/console++.js:263 in error
[ERROR - 2017-08-28T02:46:51.714Z] WebElementLocator - _handleLocateCommand - Element(s) NOT Found: GAVE UP. Search Stop Time: 1503888411673

  phantomjs://platform/console++.js:263 in error
[ERROR - 2017-08-28T02:46:53.138Z] WebElementLocator - _handleLocateCommand - Element(s) NOT Found: GAVE UP. Search Stop Time: 1503888413083

  phantomjs://platform/console++.js:263 in error
[ERROR - 2017-08-28T02:46:54.497Z] WebElementLocator - _handleLocateCommand - Element(s) NOT Found: GAVE UP. Search Stop Time: 1503888414444

  phantomjs://platform/console++.js:263 in error
[ERROR - 2017-08-28T02:46:55.840Z] WebElementLocator - _handleLocateCommand - Element(s) NOT Found: GAVE UP. Search Stop Time: 1503888415793

  phantomjs://platform/console++.js:263 in error
[ERROR - 2017-08-28T02:46:57.184Z] WebElementLocator - _handleLocateCommand - Element(s) NOT Found: GAVE UP. Search Stop Time: 1503888417127

  phantomjs://platform/console++.js:263 in error
[ERROR - 2017-08-28T02:46:58.496Z] WebElementLocator - _handleLocateCommand - Element(s) NOT Found: GAVE UP. Search Stop Time: 1503888418455

  phantomjs://platform/console++.js:263 in error
[ERROR - 2017-08-28T02:46:59.826Z] WebElementLocator - _handleLocateCommand - Element(s) NOT Found: GAVE UP. Search Stop Time: 1503888419787

  phantomjs://platform/console++.js:263 in error
[ERROR - 2017-08-28T02:47:01.171Z] WebElementLocator - _handleLocateCommand - Element(s) NOT Found: GAVE UP. Search Stop Time: 1503888421119

  phantomjs://platform/console++.js:263 in error
[ERROR - 2017-08-28T02:47:02.497Z] WebElementLocator - _handleLocateCommand - Element(s) NOT Found: GAVE UP. Search Stop Time: 1503888422466

  phantomjs://platform/console++.js:263 in error
